<?xml version="1.0" encoding="UTF-8"?>
<testng-results skipped="0" failed="0" ignored="0" total="1" passed="1">
  <reporter-output>
  </reporter-output>
  <suite name="Default suite" duration-ms="11099" started-at="2019-05-04T02:43:56Z" finished-at="2019-05-04T02:44:07Z">
    <groups>
    </groups>
    <test name="Default test" duration-ms="11099" started-at="2019-05-04T02:43:56Z" finished-at="2019-05-04T02:44:07Z">
      <class name="TestNG.addbook">
        <test-method status="PASS" signature="launch()[pri:0, instance:TestNG.addbook@224edc67]" name="launch" is-config="true" duration-ms="7001" started-at="2019-05-04T02:43:56Z" finished-at="2019-05-04T02:44:03Z">
          <reporter-output>
          </reporter-output>
        </test-method> <!-- launch -->
        <test-method status="PASS" signature="verfiyaddbook()[pri:0, instance:TestNG.addbook@224edc67]" name="verfiyaddbook" duration-ms="1975" started-at="2019-05-04T02:44:03Z" finished-at="2019-05-04T02:44:05Z">
          <reporter-output>
          </reporter-output>
        </test-method> <!-- verfiyaddbook -->
        <test-method status="PASS" signature="close()[pri:0, instance:TestNG.addbook@224edc67]" name="close" is-config="true" duration-ms="2096" started-at="2019-05-04T02:44:05Z" finished-at="2019-05-04T02:44:07Z">
          <reporter-output>
          </reporter-output>
        </test-method> <!-- close -->
      </class> <!-- TestNG.addbook -->
    </test> <!-- Default test -->
  </suite> <!-- Default suite -->
</testng-results>
